
Showing logs for build [32mcb-kubecd-environment-pr-249-32-8njtl-1[0m stage [32mfrom-build-pack[0m and container [32mstep-credential-initializer-t8gg4[0m
{"level":"info","ts":1594047387.6385624,"logger":"fallback-logger","caller":"logging/config.go:69","msg":"Fetch GitHub commit ID from kodata failed: open /var/run/ko/refs/heads/0.8.0-ns-support: no such file or directory"}
{"level":"info","ts":1594047387.639159,"logger":"fallback-logger","caller":"creds-init/main.go:40","msg":"Credentials initialized."}

Showing logs for build [32mcb-kubecd-environment-pr-249-32-8njtl-1[0m stage [32mfrom-build-pack[0m and container [32mstep-working-dir-initializer-bhlx9[0m
{"level":"info","ts":1594047388.7336082,"logger":"fallback-logger","caller":"logging/config.go:69","msg":"Fetch GitHub commit ID from kodata failed: open /var/run/ko/HEAD: no such file or directory"}
{"level":"info","ts":1594047388.7354739,"logger":"fallback-logger","caller":"bash/main.go:64","msg":"Successfully executed command \"sh -c mkdir -p /workspace/source\"; output "}

Showing logs for build [32mcb-kubecd-environment-pr-249-32-8njtl-1[0m stage [32mfrom-build-pack[0m and container [32mstep-place-tools[0m

Showing logs for build [32mcb-kubecd-environment-pr-249-32-8njtl-1[0m stage [32mfrom-build-pack[0m and container [32mstep-git-source-cb-kubecd-environment-pr-249-32-8njtl-ftjfs[0m
{"level":"info","ts":1594047394.8661232,"logger":"fallback-logger","caller":"logging/config.go:69","msg":"Fetch GitHub commit ID from kodata failed: open /var/run/ko/refs/heads/0.8.0-ns-support: no such file or directory"}
{"level":"info","ts":1594047395.941645,"logger":"fallback-logger","caller":"git/git.go:103","msg":"Successfully cloned https://github.com/cb-kubecd/environment-pr-249-32-gke-upgrade-production.git @ master in path /workspace/source"}

Showing logs for build [32mcb-kubecd-environment-pr-249-32-8njtl-1[0m stage [32mfrom-build-pack[0m and container [32mstep-setup-builder-home[0m

Showing logs for build [32mcb-kubecd-environment-pr-249-32-8njtl-1[0m stage [32mfrom-build-pack[0m and container [32mstep-git-merge[0m
Using SHAs from PULL_REFS=master:cb97ec3743e16ed111a0fd479d2e5ce9c909473e,1:317648ec33dc8d58d366851cdb6add54fe739163
DEBUG: LC_ALL=C JX_LOG_LEVEL=error git fetch origin --unshallow 317648ec33dc8d58d366851cdb6add54fe739163: cb97ec3743e16ed111a0fd479d2e5ce9c909473e:
DEBUG: ran git fetch --unshallow origin 317648ec33dc8d58d366851cdb6add54fe739163: cb97ec3743e16ed111a0fd479d2e5ce9c909473e: in 
DEBUG: LC_ALL=C JX_LOG_LEVEL=error git branch
DEBUG: LC_ALL=C JX_LOG_LEVEL=error git checkout master
DEBUG: ran git checkout master in 
DEBUG: LC_ALL=C JX_LOG_LEVEL=error git reset --hard cb97ec3743e16ed111a0fd479d2e5ce9c909473e
DEBUG: ran git reset --hard cb97ec3743e16ed111a0fd479d2e5ce9c909473e in 
DEBUG: LC_ALL=C JX_LOG_LEVEL=error git clean -fd .
DEBUG: ran clean --force -d . in 
DEBUG: LC_ALL=C JX_LOG_LEVEL=error git merge 317648ec33dc8d58d366851cdb6add54fe739163
DEBUG: ran git merge 317648ec33dc8d58d366851cdb6add54fe739163 in 
DEBUG: LC_ALL=C JX_LOG_LEVEL=error git log --format=%H%x1f%an%x1f%ae%x1f%cn%x1f%ce%x1f%s%n%b%x1e cb97ec3743e16ed111a0fd479d2e5ce9c909473e..HEAD
Merged SHA 317648ec33dc8d58d366851cdb6add54fe739163 with commit message 'chore: Promote bdd-spring-1594046273 to version 0.0.1' into base branch master

Showing logs for build [32mcb-kubecd-environment-pr-249-32-8njtl-1[0m stage [32mfrom-build-pack[0m and container [32mstep-build-helm-build[0m
WARNING: No $CHART_REPOSITORY defined so using the default value of: http://jenkins-x-chartmuseum:8080
Adding missing Helm repo: storage.googleapis.com https://storage.googleapis.com/chartmuseum.jenkins-x.io
WARNING: No secrets found on "helm/repos" due: reading the secret "helm/repos" from vault: no secret "helm/repos" not found in vault
Read credentials for https://storage.googleapis.com/chartmuseum.jenkins-x.io from vault helm/repos
Successfully added Helm repository storage.googleapis.com.
Adding missing Helm repo: jenkins-x-chartmuseum http://jenkins-x-chartmuseum:8080
WARNING: No secrets found on "helm/repos" due: reading the secret "helm/repos" from vault: no secret "helm/repos" not found in vault
Read credentials for http://jenkins-x-chartmuseum:8080 from vault helm/repos
Successfully added Helm repository jenkins-x-chartmuseum.
WARNING: No $CHART_REPOSITORY defined so using the default value of: http://jenkins-x-chartmuseum:8080
Adding missing Helm repo: chartmuseum.jenkins-x.io http://chartmuseum.jenkins-x.io
WARNING: No secrets found on "helm/repos" due: reading the secret "helm/repos" from vault: no secret "helm/repos" not found in vault
Read credentials for http://chartmuseum.jenkins-x.io from vault helm/repos
Successfully added Helm repository chartmuseum.jenkins-x.io.
